# JRE version: Java(TM) SE Runtime Environment (7.0_51-b13) (build 1.7.0_51-b13)
# Java VM: Java HotSpot(TM) Client VM (24.51-b03 mixed mode, sharing windows-x86 )
Heap
 def new generation   total 4928K, used 997K [0x23b00000, 0x24050000, 0x29050000)
  eden space 4416K,  10% used [0x23b00000, 0x23b795b8, 0x23f50000)
  from space 512K, 100% used [0x23fd0000, 0x24050000, 0x24050000)
  to   space 512K,   0% used [0x23f50000, 0x23f50000, 0x23fd0000)
 tenured generation   total 10944K, used 4883K [0x29050000, 0x29b00000, 0x33b00000)
   the space 10944K,  44% used [0x29050000, 0x29514ef0, 0x29515000, 0x29b00000)
 compacting perm gen  total 12288K, used 1392K [0x33b00000, 0x34700000, 0x37b00000)
   the space 12288K,  11% used [0x33b00000, 0x33c5c1b8, 0x33c5c200, 0x34700000)
    ro space 10240K,  41% used [0x37b00000, 0x37f32050, 0x37f32200, 0x38500000)
    rw space 12288K,  52% used [0x38500000, 0x38b46800, 0x38b46800, 0x39100000)
GC Heap History (6 events):
Event: 1.051 GC heap before
{Heap before GC invocations=0 (full 0):
 def new generation   total 4928K, used 2137K [0x23b00000, 0x24050000, 0x29050000)
  eden space 4416K,  48% used [0x23b00000, 0x23d16608, 0x23f50000)
  from space 512K,   0% used [0x23f50000, 0x23f50000, 0x23fd0000)
  to   space 512K,   0% used [0x23fd0000, 0x23fd0000, 0x24050000)
 tenured generation   total 10944K, used 0K [0x29050000, 0x29b00000, 0x33b00000)
   the space 10944K,   0% used [0x29050000, 0x29050000, 0x29050200, 0x29b00000)
 compacting perm gen  total 12288K, used 862K [0x33b00000, 0x34700000, 0x37b00000)
   the space 12288K,   7% used [0x33b00000, 0x33bd7868, 0x33bd7a00, 0x34700000)
    ro space 10240K,  41% used [0x37b00000, 0x37f32050, 0x37f32200, 0x38500000)
    rw space 12288K,  52% used [0x38500000, 0x38b46800, 0x38b46800, 0x39100000)
Event: 1.056 GC heap after
Heap after GC invocations=1 (full 0):
 def new generation   total 4928K, used 512K [0x23b00000, 0x24050000, 0x29050000)
  eden space 4416K,   0% used [0x23b00000, 0x23b00000, 0x23f50000)
  from space 512K, 100% used [0x23fd0000, 0x24050000, 0x24050000)
  to   space 512K,   0% used [0x23f50000, 0x23f50000, 0x23fd0000)
 tenured generation   total 10944K, used 421K [0x29050000, 0x29b00000, 0x33b00000)
   the space 10944K,   3% used [0x29050000, 0x290b95c0, 0x290b9600, 0x29b00000)
 compacting perm gen  total 12288K, used 862K [0x33b00000, 0x34700000, 0x37b00000)
   the space 12288K,   7% used [0x33b00000, 0x33bd7868, 0x33bd7a00, 0x34700000)
    ro space 10240K,  41% used [0x37b00000, 0x37f32050, 0x37f32200, 0x38500000)
    rw space 12288K,  52% used [0x38500000, 0x38b46800, 0x38b46800, 0x39100000)
}
Event: 1.252 GC heap before
{Heap before GC invocations=1 (full 0):
 def new generation   total 4928K, used 4928K [0x23b00000, 0x24050000, 0x29050000)
  eden space 4416K, 100% used [0x23b00000, 0x23f50000, 0x23f50000)
  from space 512K, 100% used [0x23fd0000, 0x24050000, 0x24050000)
  to   space 512K,   0% used [0x23f50000, 0x23f50000, 0x23fd0000)
 tenured generation   total 10944K, used 421K [0x29050000, 0x29b00000, 0x33b00000)
   the space 10944K,   3% used [0x29050000, 0x290b95c0, 0x290b9600, 0x29b00000)
 compacting perm gen  total 12288K, used 1124K [0x33b00000, 0x34700000, 0x37b00000)
   the space 12288K,   9% used [0x33b00000, 0x33c19228, 0x33c19400, 0x34700000)
    ro space 10240K,  41% used [0x37b00000, 0x37f32050, 0x37f32200, 0x38500000)
    rw space 12288K,  52% used [0x38500000, 0x38b46800, 0x38b46800, 0x39100000)
Event: 1.259 GC heap after
Heap after GC invocations=2 (full 0):
 def new generation   total 4928K, used 415K [0x23b00000, 0x24050000, 0x29050000)
  eden space 4416K,   0% used [0x23b00000, 0x23b00000, 0x23f50000)
  from space 512K,  81% used [0x23f50000, 0x23fb7fb0, 0x23fd0000)
  to   space 512K,   0% used [0x23fd0000, 0x23fd0000, 0x24050000)
 tenured generation   total 10944K, used 3805K [0x29050000, 0x29b00000, 0x33b00000)
   the space 10944K,  34% used [0x29050000, 0x294075d8, 0x29407600, 0x29b00000)
 compacting perm gen  total 12288K, used 1124K [0x33b00000, 0x34700000, 0x37b00000)
   the space 12288K,   9% used [0x33b00000, 0x33c19228, 0x33c19400, 0x34700000)
    ro space 10240K,  41% used [0x37b00000, 0x37f32050, 0x37f32200, 0x38500000)
    rw space 12288K,  52% used [0x38500000, 0x38b46800, 0x38b46800, 0x39100000)
}
Event: 1.409 GC heap before
{Heap before GC invocations=2 (full 0):
 def new generation   total 4928K, used 4831K [0x23b00000, 0x24050000, 0x29050000)
  eden space 4416K, 100% used [0x23b00000, 0x23f50000, 0x23f50000)
  from space 512K,  81% used [0x23f50000, 0x23fb7fb0, 0x23fd0000)
  to   space 512K,   0% used [0x23fd0000, 0x23fd0000, 0x24050000)
 tenured generation   total 10944K, used 3805K [0x29050000, 0x29b00000, 0x33b00000)
   the space 10944K,  34% used [0x29050000, 0x294075d8, 0x29407600, 0x29b00000)
 compacting perm gen  total 12288K, used 1390K [0x33b00000, 0x34700000, 0x37b00000)
   the space 12288K,  11% used [0x33b00000, 0x33c5bbc8, 0x33c5bc00, 0x34700000)
    ro space 10240K,  41% used [0x37b00000, 0x37f32050, 0x37f32200, 0x38500000)
    rw space 12288K,  52% used [0x38500000, 0x38b46800, 0x38b46800, 0x39100000)
Event: 1.416 GC heap after
Heap after GC invocations=3 (full 0):
 def new generation   total 4928K, used 512K [0x23b00000, 0x24050000, 0x29050000)
  eden space 4416K,   0% used [0x23b00000, 0x23b00000, 0x23f50000)
  from space 512K, 100% used [0x23fd0000, 0x24050000, 0x24050000)
  to   space 512K,   0% used [0x23f50000, 0x23f50000, 0x23fd0000)
 tenured generation   total 10944K, used 4883K [0x29050000, 0x29b00000, 0x33b00000)
   the space 10944K,  44% used [0x29050000, 0x29514ef0, 0x29515000, 0x29b00000)
 compacting perm gen  total 12288K, used 1390K [0x33b00000, 0x34700000, 0x37b00000)
   the space 12288K,  11% used [0x33b00000, 0x33c5bbc8, 0x33c5bc00, 0x34700000)
    ro space 10240K,  41% used [0x37b00000, 0x37f32050, 0x37f32200, 0x38500000)
    rw space 12288K,  52% used [0x38500000, 0x38b46800, 0x38b46800, 0x39100000)
}

